This is pdfTeX, Version 3.1415926-2.4-1.40.13 (TeX Live 2012/W32TeX) (format=pdflatex 2013.6.1)  12 DEC 2013 10:19
entering extended mode
 \write18 enabled.
 %&-line parsing enabled.
**AIAA.tex
(./AIAA.tex
LaTeX2e <2011/06/27>
Babel <v3.8m> and hyphenation patterns for english, dumylang, nohyphenation, ge
rman-x-2012-05-30, ngerman-x-2012-05-30, afrikaans, ancientgreek, ibycus, arabi
c, armenian, basque, bulgarian, catalan, pinyin, coptic, croatian, czech, danis
h, dutch, ukenglish, usenglishmax, esperanto, estonian, ethiopic, farsi, finnis
h, french, friulan, galician, german, ngerman, swissgerman, monogreek, greek, h
ungarian, icelandic, assamese, bengali, gujarati, hindi, kannada, malayalam, ma
rathi, oriya, panjabi, tamil, telugu, indonesian, interlingua, irish, italian, 
kurmanji, latin, latvian, lithuanian, mongolian, mongolianlmc, bokmal, nynorsk,
 polish, portuguese, romanian, romansh, russian, sanskrit, serbian, serbianc, s
lovak, slovenian, spanish, swedish, turkish, turkmen, ukrainian, uppersorbian, 
welsh, loaded.
(./preamble.tex (c:/texlive/2012/texmf-dist/tex/latex/aiaa/aiaa-tc.cls
Document Class: aiaa-tc 2004/04/03 v3.5 AIAA technical conference paper
(c:/texlive/2012/texmf-dist/tex/latex/base/article.cls
Document Class: article 2007/10/19 v1.4h Standard LaTeX document class
(c:/texlive/2012/texmf-dist/tex/latex/base/size10.clo
File: size10.clo 2007/10/19 v1.4h Standard LaTeX file (size option)
)
\c@part=\count79
\c@section=\count80
\c@subsection=\count81
\c@subsubsection=\count82
\c@paragraph=\count83
\c@subparagraph=\count84
\c@figure=\count85
\c@table=\count86
\abovecaptionskip=\skip41
\belowcaptionskip=\skip42
\bibindent=\dimen102
)
(c:/texlive/2012/texmf-dist/tex/latex/geometry/geometry.sty
Package: geometry 2010/09/12 v5.6 Page Geometry

(c:/texlive/2012/texmf-dist/tex/latex/graphics/keyval.sty
Package: keyval 1999/03/16 v1.13 key=value parser (DPC)
\KV@toks@=\toks14
)
(c:/texlive/2012/texmf-dist/tex/generic/oberdiek/ifpdf.sty
Package: ifpdf 2011/01/30 v2.3 Provides the ifpdf switch (HO)
Package ifpdf Info: pdfTeX in PDF mode is detected.
)
(c:/texlive/2012/texmf-dist/tex/generic/oberdiek/ifvtex.sty
Package: ifvtex 2010/03/01 v1.5 Detect VTeX and its facilities (HO)
Package ifvtex Info: VTeX not detected.
)
(c:/texlive/2012/texmf-dist/tex/generic/ifxetex/ifxetex.sty
Package: ifxetex 2010/09/12 v0.6 Provides ifxetex conditional
)
\Gm@cnth=\count87
\Gm@cntv=\count88
\c@Gm@tempcnt=\count89
\Gm@bindingoffset=\dimen103
\Gm@wd@mp=\dimen104
\Gm@odd@mp=\dimen105
\Gm@even@mp=\dimen106
\Gm@layoutwidth=\dimen107
\Gm@layoutheight=\dimen108
\Gm@layouthoffset=\dimen109
\Gm@layoutvoffset=\dimen110
\Gm@dimlist=\toks15
)
(c:/texlive/2012/texmf-dist/tex/latex/graphics/graphicx.sty
Package: graphicx 1999/02/16 v1.0f Enhanced LaTeX Graphics (DPC,SPQR)

(c:/texlive/2012/texmf-dist/tex/latex/graphics/graphics.sty
Package: graphics 2009/02/05 v1.0o Standard LaTeX Graphics (DPC,SPQR)

(c:/texlive/2012/texmf-dist/tex/latex/graphics/trig.sty
Package: trig 1999/03/16 v1.09 sin cos tan (DPC)
)
(c:/texlive/2012/texmf-dist/tex/latex/latexconfig/graphics.cfg
File: graphics.cfg 2010/04/23 v1.9 graphics configuration of TeX Live
)
Package graphics Info: Driver file: pdftex.def on input line 91.

(c:/texlive/2012/texmf-dist/tex/latex/pdftex-def/pdftex.def
File: pdftex.def 2011/05/27 v0.06d Graphics/color for pdfTeX

(c:/texlive/2012/texmf-dist/tex/generic/oberdiek/infwarerr.sty
Package: infwarerr 2010/04/08 v1.3 Providing info/warning/error messages (HO)
)
(c:/texlive/2012/texmf-dist/tex/generic/oberdiek/ltxcmds.sty
Package: ltxcmds 2011/11/09 v1.22 LaTeX kernel commands for general use (HO)
)
\Gread@gobject=\count90
))
\Gin@req@height=\dimen111
\Gin@req@width=\dimen112
)
(c:/texlive/2012/texmf-dist/tex/latex/tools/array.sty
Package: array 2008/09/09 v2.4c Tabular extension package (FMi)
\col@sep=\dimen113
\extrarowheight=\dimen114
\NC@list=\toks16
\extratabsurround=\skip43
\backup@length=\skip44
)
(c:/texlive/2012/texmf-dist/tex/latex/cite/overcite.sty
Package: overcite 1999/04/23  v 3.8
)
(c:/texlive/2012/texmf-dist/tex/latex/lastpage/lastpage.sty
Package: lastpage 2011/09/01 v1.2k Refers to last page's name (HMM; JPG)
)
(c:/texlive/2012/texmf-dist/tex/latex/fancyhdr/fancyhdr.sty
\fancy@headwidth=\skip45
\f@ncyO@elh=\skip46
\f@ncyO@erh=\skip47
\f@ncyO@olh=\skip48
\f@ncyO@orh=\skip49
\f@ncyO@elf=\skip50
\f@ncyO@erf=\skip51
\f@ncyO@olf=\skip52
\f@ncyO@orf=\skip53
)
\c@aiaa@cthanks=\count91
\c@aiaa@cfootnote=\count92
)
(c:/texlive/2012/texmf-dist/tex/latex/nomencl/nomencl.sty
Package: nomencl 2005/09/22 v4.2 Nomenclature package (LN)
\nomlabelwidth=\dimen115
\nom@tempdim=\dimen116
\nomitemsep=\skip54
)
(c:/texlive/2012/texmf-dist/tex/latex/amsmath/amsmath.sty
Package: amsmath 2000/07/18 v2.13 AMS math features
\@mathmargin=\skip55

For additional information on amsmath, use the `?' option.
(c:/texlive/2012/texmf-dist/tex/latex/amsmath/amstext.sty
Package: amstext 2000/06/29 v2.01

(c:/texlive/2012/texmf-dist/tex/latex/amsmath/amsgen.sty
File: amsgen.sty 1999/11/30 v2.0
\@emptytoks=\toks17
\ex@=\dimen117
))
(c:/texlive/2012/texmf-dist/tex/latex/amsmath/amsbsy.sty
Package: amsbsy 1999/11/29 v1.2d
\pmbraise@=\dimen118
)
(c:/texlive/2012/texmf-dist/tex/latex/amsmath/amsopn.sty
Package: amsopn 1999/12/14 v2.01 operator names
)
\inf@bad=\count93
LaTeX Info: Redefining \frac on input line 211.
\uproot@=\count94
\leftroot@=\count95
LaTeX Info: Redefining \overline on input line 307.
\classnum@=\count96
\DOTSCASE@=\count97
LaTeX Info: Redefining \ldots on input line 379.
LaTeX Info: Redefining \dots on input line 382.
LaTeX Info: Redefining \cdots on input line 467.
\Mathstrutbox@=\box26
\strutbox@=\box27
\big@size=\dimen119
LaTeX Font Info:    Redeclaring font encoding OML on input line 567.
LaTeX Font Info:    Redeclaring font encoding OMS on input line 568.
\macc@depth=\count98
\c@MaxMatrixCols=\count99
\dotsspace@=\muskip10
\c@parentequation=\count100
\dspbrk@lvl=\count101
\tag@help=\toks18
\row@=\count102
\column@=\count103
\maxfields@=\count104
\andhelp@=\toks19
\eqnshift@=\dimen120
\alignsep@=\dimen121
\tagshift@=\dimen122
\tagwidth@=\dimen123
\totwidth@=\dimen124
\lineht@=\dimen125
\@envbody=\toks20
\multlinegap=\skip56
\multlinetaggap=\skip57
\mathdisplay@stack=\toks21
LaTeX Info: Redefining \[ on input line 2666.
LaTeX Info: Redefining \] on input line 2667.
)
(c:/texlive/2012/texmf-dist/tex/latex/float/float.sty
Package: float 2001/11/08 v1.3d Float enhancements (AL)
\c@float@type=\count105
\float@exts=\toks22
\float@box=\box28
\@float@everytoks=\toks23
\@floatcapt=\box29
)
(c:/texlive/2012/texmf-dist/tex/latex/tools/multicol.sty
Package: multicol 2011/06/27 v1.7a multicolumn formatting (FMi)
\c@tracingmulticols=\count106
\mult@box=\box30
\multicol@leftmargin=\dimen126
\c@unbalance=\count107
\c@collectmore=\count108
\doublecol@number=\count109
\multicoltolerance=\count110
\multicolpretolerance=\count111
\full@width=\dimen127
\page@free=\dimen128
\premulticols=\dimen129
\postmulticols=\dimen130
\multicolsep=\skip58
\multicolbaselineskip=\skip59
\partial@page=\box31
\last@line=\box32
\mult@rightbox=\box33
\mult@grightbox=\box34
\mult@gfirstbox=\box35
\mult@firstbox=\box36
\@tempa=\box37
\@tempa=\box38
\@tempa=\box39
\@tempa=\box40
\@tempa=\box41
\@tempa=\box42
\@tempa=\box43
\@tempa=\box44
\@tempa=\box45
\@tempa=\box46
\@tempa=\box47
\@tempa=\box48
\@tempa=\box49
\@tempa=\box50
\@tempa=\box51
\@tempa=\box52
\@tempa=\box53
\c@columnbadness=\count112
\c@finalcolumnbadness=\count113
\last@try=\dimen131
\multicolovershoot=\dimen132
\multicolundershoot=\dimen133
\mult@nat@firstbox=\box54
\colbreak@box=\box55
\multicol@sort@counter=\count114
)
\@nomenclaturefile=\write3
\openout3 = `AIAA.nlo'.


Writing nomenclature file AIAA.nlo
) (./AIAA.aux

LaTeX Warning: Label `sysIntPics' multiply defined.

)
\openout1 = `AIAA.aux'.

LaTeX Font Info:    Checking defaults for OML/cmm/m/it on input line 3.
LaTeX Font Info:    ... okay on input line 3.
LaTeX Font Info:    Checking defaults for T1/cmr/m/n on input line 3.
LaTeX Font Info:    ... okay on input line 3.
LaTeX Font Info:    Checking defaults for OT1/cmr/m/n on input line 3.
LaTeX Font Info:    ... okay on input line 3.
LaTeX Font Info:    Checking defaults for OMS/cmsy/m/n on input line 3.
LaTeX Font Info:    ... okay on input line 3.
LaTeX Font Info:    Checking defaults for OMX/cmex/m/n on input line 3.
LaTeX Font Info:    ... okay on input line 3.
LaTeX Font Info:    Checking defaults for U/cmr/m/n on input line 3.
LaTeX Font Info:    ... okay on input line 3.

*geometry* driver: auto-detecting
*geometry* detected driver: pdftex
*geometry* verbose mode - [ preamble ] result:
* driver: pdftex
* paper: <default>
* layout: <same size as paper>
* layoutoffset:(h,v)=(0.0pt,0.0pt)
* modes: 
* h-part:(L,W,R)=(72.26999pt, 469.75502pt, 72.26999pt)
* v-part:(T,H,B)=(54.2025pt, 668.4975pt, 72.26999pt)
* \paperwidth=614.295pt
* \paperheight=794.96999pt
* \textwidth=469.75502pt
* \textheight=668.4975pt
* \oddsidemargin=0.0pt
* \evensidemargin=0.0pt
* \topmargin=-55.06749pt
* \headheight=12.0pt
* \headsep=25.0pt
* \topskip=10.0pt
* \footskip=30.0pt
* \marginparwidth=65.0pt
* \marginparsep=11.0pt
* \columnsep=10.0pt
* \skip\footins=9.0pt plus 4.0pt minus 2.0pt
* \hoffset=0.0pt
* \voffset=0.0pt
* \mag=1000
* \@twocolumnfalse
* \@twosidefalse
* \@mparswitchfalse
* \@reversemarginfalse
* (1in=72.27pt=25.4mm, 1cm=28.453pt)

(c:/texlive/2012/texmf-dist/tex/context/base/supp-pdf.mkii
[Loading MPS to PDF converter (version 2006.09.02).]
\scratchcounter=\count115
\scratchdimen=\dimen134
\scratchbox=\box56
\nofMPsegments=\count116
\nofMParguments=\count117
\everyMPshowfont=\toks24
\MPscratchCnt=\count118
\MPscratchDim=\dimen135
\MPnumerator=\count119
\makeMPintoPDFobject=\count120
\everyMPtoPDFconversion=\toks25
) (c:/texlive/2012/texmf-dist/tex/generic/oberdiek/pdftexcmds.sty
Package: pdftexcmds 2011/11/29 v0.20 Utility functions of pdfTeX for LuaTeX (HO
)

(c:/texlive/2012/texmf-dist/tex/generic/oberdiek/ifluatex.sty
Package: ifluatex 2010/03/01 v1.3 Provides the ifluatex switch (HO)
Package ifluatex Info: LuaTeX not detected.
)
Package pdftexcmds Info: LuaTeX not detected.
Package pdftexcmds Info: \pdf@primitive is available.
Package pdftexcmds Info: \pdf@ifprimitive is available.
Package pdftexcmds Info: \pdfdraftmode found.
)
(c:/texlive/2012/texmf-dist/tex/latex/oberdiek/epstopdf-base.sty
Package: epstopdf-base 2010/02/09 v2.5 Base part for package epstopdf

(c:/texlive/2012/texmf-dist/tex/latex/oberdiek/grfext.sty
Package: grfext 2010/08/19 v1.1 Manage graphics extensions (HO)

(c:/texlive/2012/texmf-dist/tex/generic/oberdiek/kvdefinekeys.sty
Package: kvdefinekeys 2011/04/07 v1.3 Define keys (HO)
))
(c:/texlive/2012/texmf-dist/tex/latex/oberdiek/kvoptions.sty
Package: kvoptions 2011/06/30 v3.11 Key value format for package options (HO)

(c:/texlive/2012/texmf-dist/tex/generic/oberdiek/kvsetkeys.sty
Package: kvsetkeys 2012/04/25 v1.16 Key value parser (HO)

(c:/texlive/2012/texmf-dist/tex/generic/oberdiek/etexcmds.sty
Package: etexcmds 2011/02/16 v1.5 Avoid name clashes with e-TeX commands (HO)
Package etexcmds Info: Could not find \expanded.
(etexcmds)             That can mean that you are not using pdfTeX 1.50 or
(etexcmds)             that some package has redefined \expanded.
(etexcmds)             In the latter case, load this package earlier.
)))
Package grfext Info: Graphics extension search list:
(grfext)             [.png,.pdf,.jpg,.mps,.jpeg,.jbig2,.jb2,.PNG,.PDF,.JPG,.JPE
G,.JBIG2,.JB2,.eps]
(grfext)             \AppendGraphicsExtensions on input line 452.

(c:/texlive/2012/texmf-dist/tex/latex/latexconfig/epstopdf-sys.cfg
File: epstopdf-sys.cfg 2010/07/13 v1.3 Configuration of (r)epstopdf for TeX Liv
e
))
Package lastpage Info: Please have a look at the pageslts package at
(lastpage)             http://www.ctan.org/tex-archive/ 
(lastpage)             macros/latex/contrib/pageslts/ 
(lastpage)             or
(lastpage)             http://www.ctan.org/tex-archive/ 
(lastpage)             install/macros/latex/contrib/pageslts.tds.zip
(lastpage)             ! on input line 3.

(c:/texlive/2012/texmf-dist/tex/latex/base/ifthen.sty
Package: ifthen 2001/05/26 v1.1c Standard LaTeX ifthen package (DPC)
) (./abstract.tex)
(./AIAA.nls) (./intro.tex [1

{c:/texlive/2012/texmf-var/fonts/map/pdftex/updmap/pdftex.map}]
Underfull \hbox (badness 10000) in paragraph at lines 8--9

 []


Underfull \hbox (badness 10000) in paragraph at lines 10--11

 []

) (./method.tex [2] [3] [4]) (./error.tex [5]
Package epstopdf Info: Source file: <figures/heteroskedasticity.eps>
(epstopdf)                    date: 2013-12-10 15:23:12
(epstopdf)                    size: 69295 bytes
(epstopdf)             Output file: <figures/heteroskedasticity-eps-converted-t
o.pdf>
(epstopdf)                    date: 2013-12-10 15:25:12
(epstopdf)                    size: 46911 bytes
(epstopdf)             Command: <epstopdf --outfile=figures/heteroskedasticity-
eps-converted-to.pdf figures/heteroskedasticity.eps>
(epstopdf)             \includegraphics on input line 42.
Package epstopdf Info: Output file is already uptodate.

<figures/heteroskedasticity-eps-converted-to.pdf, id=34, 418.56375pt x 314.1737
5pt>
File: figures/heteroskedasticity-eps-converted-to.pdf Graphic file (type pdf)
 <use figures/heteroskedasticity-eps-converted-to.pdf>
Package pdftex.def Info: figures/heteroskedasticity-eps-converted-to.pdf used o
n input line 42.
(pdftex.def)             Requested size: 234.8731pt x 176.29564pt.
 [6] [7 <./figures/heteroskedasticity-eps-converted-to.pdf>]) (./simulation.tex
Package epstopdf Info: Source file: <figures/dragPolarNoNoise.eps>
(epstopdf)                    date: 2013-12-10 15:27:09
(epstopdf)                    size: 185466 bytes
(epstopdf)             Output file: <figures/dragPolarNoNoise-eps-converted-to.
pdf>
(epstopdf)                    date: 2013-12-10 15:27:14
(epstopdf)                    size: 120698 bytes
(epstopdf)             Command: <epstopdf --outfile=figures/dragPolarNoNoise-ep
s-converted-to.pdf figures/dragPolarNoNoise.eps>
(epstopdf)             \includegraphics on input line 29.
Package epstopdf Info: Output file is already uptodate.

<figures/dragPolarNoNoise-eps-converted-to.pdf, id=51, 420.57124pt x 316.18124p
t>
File: figures/dragPolarNoNoise-eps-converted-to.pdf Graphic file (type pdf)
 <use figures/dragPolarNoNoise-eps-converted-to.pdf>
Package pdftex.def Info: figures/dragPolarNoNoise-eps-converted-to.pdf used on 
input line 29.
(pdftex.def)             Requested size: 234.87656pt x 176.57784pt.
 [8]
Package epstopdf Info: Source file: <figures/simDragPolarNoise.eps>
(epstopdf)                    date: 2013-12-10 15:23:12
(epstopdf)                    size: 184351 bytes
(epstopdf)             Output file: <figures/simDragPolarNoise-eps-converted-to
.pdf>
(epstopdf)                    date: 2013-12-10 15:25:14
(epstopdf)                    size: 123400 bytes
(epstopdf)             Command: <epstopdf --outfile=figures/simDragPolarNoise-e
ps-converted-to.pdf figures/simDragPolarNoise.eps>
(epstopdf)             \includegraphics on input line 38.
Package epstopdf Info: Output file is already uptodate.

<figures/simDragPolarNoise-eps-converted-to.pdf, id=55, 418.56375pt x 314.17375
pt>
File: figures/simDragPolarNoise-eps-converted-to.pdf Graphic file (type pdf)
 <use figures/simDragPolarNoise-eps-converted-to.pdf>
Package pdftex.def Info: figures/simDragPolarNoise-eps-converted-to.pdf used on
 input line 38.
(pdftex.def)             Requested size: 234.8731pt x 176.29564pt.
) (./hardware.tex
[9 <./figures/dragPolarNoNoise-eps-converted-to.pdf> <./figures/simDragPolarNoi
se-eps-converted-to.pdf>]
<figures/arduinoDue.jpg, id=71, 1027.84pt x 548.0475pt>
File: figures/arduinoDue.jpg Graphic file (type jpg)

<use figures/arduinoDue.jpg>
Package pdftex.def Info: figures/arduinoDue.jpg used on input line 11.
(pdftex.def)             Requested size: 140.91673pt x 75.13724pt.
Package epstopdf Info: Source file: <figures/logicLevelConverterSchematic.eps>
(epstopdf)                    date: 2013-12-10 19:54:51
(epstopdf)                    size: 652802 bytes
(epstopdf)             Output file: <figures/logicLevelConverterSchematic-eps-c
onverted-to.pdf>
(epstopdf)                    date: 2013-12-10 19:55:35
(epstopdf)                    size: 35853 bytes
(epstopdf)             Command: <epstopdf --outfile=figures/logicLevelConverter
Schematic-eps-converted-to.pdf figures/logicLevelConverterSchematic.eps>
(epstopdf)             \includegraphics on input line 19.
Package epstopdf Info: Output file is already uptodate.

<figures/logicLevelConverterSchematic-eps-converted-to.pdf, id=72, 153.57375pt 
x 89.33376pt>
File: figures/logicLevelConverterSchematic-eps-converted-to.pdf Graphic file (t
ype pdf)
 <use figures/logicLevelConverterSchematic-eps-converted-to.pdf>
Package pdftex.def Info: figures/logicLevelConverterSchematic-eps-converted-to.
pdf used on input line 19.
(pdftex.def)             Requested size: 140.9357pt x 81.98221pt.
Package epstopdf Info: Source file: <figures/adxl362.eps>
(epstopdf)                    date: 2013-12-10 19:54:25
(epstopdf)                    size: 668398 bytes
(epstopdf)             Output file: <figures/adxl362-eps-converted-to.pdf>
(epstopdf)                    date: 2013-12-10 19:55:36
(epstopdf)                    size: 43401 bytes
(epstopdf)             Command: <epstopdf --outfile=figures/adxl362-eps-convert
ed-to.pdf figures/adxl362.eps>
(epstopdf)             \includegraphics on input line 32.
Package epstopdf Info: Output file is already uptodate.

<figures/adxl362-eps-converted-to.pdf, id=73, 102.3825pt x 44.165pt>
File: figures/adxl362-eps-converted-to.pdf Graphic file (type pdf)

<use figures/adxl362-eps-converted-to.pdf>
Package pdftex.def Info: figures/adxl362-eps-converted-to.pdf used on input lin
e 32.
(pdftex.def)             Requested size: 140.9365pt x 60.7961pt.
 [10 <./figures/arduinoDue.jpg> <./figures/logicLevelConverterSchematic-eps-con
verted-to.pdf>]
<figures/hmr2300.jpg, id=79, 298.11375pt x 255.95625pt>
File: figures/hmr2300.jpg Graphic file (type jpg)

<use figures/hmr2300.jpg>
Package pdftex.def Info: figures/hmr2300.jpg used on input line 69.
(pdftex.def)             Requested size: 140.92772pt x 120.99854pt.
 [11 <./figures/adxl362-eps-converted-to.pdf>]
Package epstopdf Info: Source file: <figures/magBoard.eps>
(epstopdf)                    date: 2013-12-10 19:57:42
(epstopdf)                    size: 884806 bytes
(epstopdf)             Output file: <figures/magBoard-eps-converted-to.pdf>
(epstopdf)                    date: 2013-12-10 19:57:47
(epstopdf)                    size: 96457 bytes
(epstopdf)             Command: <epstopdf --outfile=figures/magBoard-eps-conver
ted-to.pdf figures/magBoard.eps>
(epstopdf)             \includegraphics on input line 82.
Package epstopdf Info: Output file is already uptodate.

<figures/magBoard-eps-converted-to.pdf, id=85, 303.1325pt x 173.64874pt>
File: figures/magBoard-eps-converted-to.pdf Graphic file (type pdf)

<use figures/magBoard-eps-converted-to.pdf>
Package pdftex.def Info: figures/magBoard-eps-converted-to.pdf used on input li
ne 82.
(pdftex.def)             Requested size: 328.83061pt x 188.36984pt.
Package epstopdf Info: Source file: <figures/hmc5883LSchematic.eps>
(epstopdf)                    date: 2013-12-10 19:55:14
(epstopdf)                    size: 955438 bytes
(epstopdf)             Output file: <figures/hmc5883LSchematic-eps-converted-to
.pdf>
(epstopdf)                    date: 2013-12-10 19:55:37
(epstopdf)                    size: 83610 bytes
(epstopdf)             Command: <epstopdf --outfile=figures/hmc5883LSchematic-e
ps-converted-to.pdf figures/hmc5883LSchematic.eps>
(epstopdf)             \includegraphics on input line 91.
Package epstopdf Info: Output file is already uptodate.

<figures/hmc5883LSchematic-eps-converted-to.pdf, id=86, 200.75pt x 103.38625pt>
File: figures/hmc5883LSchematic-eps-converted-to.pdf Graphic file (type pdf)
<use figures/hmc5883LSchematic-eps-converted-to.pdf>
Package pdftex.def Info: figures/hmc5883LSchematic-eps-converted-to.pdf used on
 input line 91.
(pdftex.def)             Requested size: 234.89491pt x 120.97087pt.
 [12 <./figures/hmr2300.jpg> <./figures/magBoard-eps-converted-to.pdf>]
Package epstopdf Info: Source file: <figures/itg3200Schematic.eps>
(epstopdf)                    date: 2013-12-10 19:54:02
(epstopdf)                    size: 925330 bytes
(epstopdf)             Output file: <figures/itg3200Schematic-eps-converted-to.
pdf>
(epstopdf)                    date: 2013-12-10 19:55:38
(epstopdf)                    size: 79203 bytes
(epstopdf)             Command: <epstopdf --outfile=figures/itg3200Schematic-ep
s-converted-to.pdf figures/itg3200Schematic.eps>
(epstopdf)             \includegraphics on input line 115.
Package epstopdf Info: Output file is already uptodate.

<figures/itg3200Schematic-eps-converted-to.pdf, id=92, 175.65625pt x 126.4725pt
>
File: figures/itg3200Schematic-eps-converted-to.pdf Graphic file (type pdf)
 <use figures/itg3200Schematic-eps-converted-to.pdf>
Package pdftex.def Info: figures/itg3200Schematic-eps-converted-to.pdf used on 
input line 115.
(pdftex.def)             Requested size: 234.89568pt x 169.1249pt.
 [13 <./figures/hmc5883LSchematic-eps-converted-to.pdf> <./figures/itg3200Schem
atic-eps-converted-to.pdf>]
Package epstopdf Info: Source file: <figures/probeAdapter.eps>
(epstopdf)                    date: 2013-12-10 18:44:54
(epstopdf)                    size: 948798 bytes
(epstopdf)             Output file: <figures/probeAdapter-eps-converted-to.pdf>

(epstopdf)                    date: 2013-12-10 18:45:03
(epstopdf)                    size: 22140 bytes
(epstopdf)             Command: <epstopdf --outfile=figures/probeAdapter-eps-co
nverted-to.pdf figures/probeAdapter.eps>
(epstopdf)             \includegraphics on input line 129.
Package epstopdf Info: Output file is already uptodate.
 <figures/probeAdapter-eps-converted-to.pdf, id=101, 537.00626pt x 361.35pt>
File: figures/probeAdapter-eps-converted-to.pdf Graphic file (type pdf)

<use figures/probeAdapter-eps-converted-to.pdf>
Package pdftex.def Info: figures/probeAdapter-eps-converted-to.pdf used on inpu
t line 129.
(pdftex.def)             Requested size: 234.8741pt x 158.04613pt.

Underfull \hbox (badness 10000) in paragraph at lines 132--133

 []

<figures/allsensorsPressure.jpg, id=102, 213.79875pt x 213.79875pt>
File: figures/allsensorsPressure.jpg Graphic file (type jpg)

<use figures/allsensorsPressure.jpg>
Package pdftex.def Info: figures/allsensorsPressure.jpg used on input line 139.

(pdftex.def)             Requested size: 117.43634pt x 117.43634pt.

Underfull \hbox (badness 10000) in paragraph at lines 143--144

 []

[14 <./figures/probeAdapter-eps-converted-to.pdf> <./figures/allsensorsPressure
.jpg>] <figures/ds18b20Picture.jpg, id=110, 200.75pt x 200.75pt>
File: figures/ds18b20Picture.jpg Graphic file (type jpg)

<use figures/ds18b20Picture.jpg>
Package pdftex.def Info: figures/ds18b20Picture.jpg used on input line 150.
(pdftex.def)             Requested size: 70.46265pt x 70.46265pt.

<figures/gpsNoBack.jpg, id=111, 808.35333pt x 564.77667pt>
File: figures/gpsNoBack.jpg Graphic file (type jpg)

<use figures/gpsNoBack.jpg>
Package pdftex.def Info: figures/gpsNoBack.jpg used on input line 193.
(pdftex.def)             Requested size: 234.87283pt x 164.09988pt.
 [15 <./figures/ds18b20Picture.jpg>]) (./results.tex <figures/sysInt1.jpg, id=1
15, 2569.6pt x 1927.2pt>
File: figures/sysInt1.jpg Graphic file (type jpg)
 <use figures/sysInt1.jpg>
Package pdftex.def Info: figures/sysInt1.jpg used on input line 10.
(pdftex.def)             Requested size: 190.24152pt x 142.68114pt.

<figures/sysInt2.jpg, id=116, 2569.6pt x 1927.2pt>
File: figures/sysInt2.jpg Graphic file (type jpg)
 <use figures/sysInt2.jpg>
Package pdftex.def Info: figures/sysInt2.jpg used on input line 14.
(pdftex.def)             Requested size: 190.24152pt x 142.68114pt.

<figures/preFlight.jpg, id=117, 2569.6pt x 1927.2pt>
File: figures/preFlight.jpg Graphic file (type jpg)

<use figures/preFlight.jpg>
Package pdftex.def Info: figures/preFlight.jpg used on input line 26.
(pdftex.def)             Requested size: 169.10793pt x 126.83095pt.

<figures/crash.jpg, id=118, 1087.81406pt x 1055.44313pt>
File: figures/crash.jpg Graphic file (type jpg)

<use figures/crash.jpg>
Package pdftex.def Info: figures/crash.jpg used on input line 31.
(pdftex.def)             Requested size: 169.10739pt x 164.07513pt.
 [16 <./figures/gpsNoBack.jpg> <./figures/sysInt1.jpg> <./figures/sysInt2.jpg>]
) (./AIAA.bbl
Missing character: There is no – in font cmr8!
Missing character: There is no – in font cmr8!
Missing character: There is no – in font cmr8!
Missing character: There is no – in font cmr8!

Underfull \hbox (badness 2521) in paragraph at lines 63--67
[]\OT1/cmr/m/n/8 Atmel.  8-bit at-mel mi-cro-con-troller with 64k/128k/256k byt
es in-systemprogrammable flash.  Data Sheet
 []

Missing character: There is no ± in font cmr8!
Missing character: There is no ± in font cmr8!
Missing character: There is no ± in font cmr8!
[17 <./figures/preFlight.jpg> <./figures/crash.jpg>])

AED: lastpage setting LastPage
[18] (./AIAA.aux)

LaTeX Warning: There were multiply-defined labels.

 ) 
Here is how much of TeX's memory you used:
 3362 strings out of 493488
 46766 string characters out of 3144749
 123163 words of memory out of 3000000
 6562 multiletter control sequences out of 15000+200000
 10507 words of font info for 38 fonts, out of 3000000 for 9000
 957 hyphenation exceptions out of 8191
 38i,16n,45p,1369b,369s stack positions out of 5000i,500n,10000p,200000b,50000s
<c:/texlive/2012/texmf-dist/fonts/type1/public/amsfonts/cm/cmbx10.pfb><c:/tex
live/2012/texmf-dist/fonts/type1/public/amsfonts/cm/cmbx12.pfb><c:/texlive/2012
/texmf-dist/fonts/type1/public/amsfonts/cm/cmbx8.pfb><c:/texlive/2012/texmf-dis
t/fonts/type1/public/amsfonts/cm/cmbx9.pfb><c:/texlive/2012/texmf-dist/fonts/ty
pe1/public/amsfonts/cm/cmex10.pfb><c:/texlive/2012/texmf-dist/fonts/type1/publi
c/amsfonts/cm/cmmi10.pfb><c:/texlive/2012/texmf-dist/fonts/type1/public/amsfont
s/cm/cmmi5.pfb><c:/texlive/2012/texmf-dist/fonts/type1/public/amsfonts/cm/cmmi7
.pfb><c:/texlive/2012/texmf-dist/fonts/type1/public/amsfonts/cm/cmr10.pfb><c:/t
exlive/2012/texmf-dist/fonts/type1/public/amsfonts/cm/cmr12.pfb><c:/texlive/201
2/texmf-dist/fonts/type1/public/amsfonts/cm/cmr5.pfb><c:/texlive/2012/texmf-dis
t/fonts/type1/public/amsfonts/cm/cmr6.pfb><c:/texlive/2012/texmf-dist/fonts/typ
e1/public/amsfonts/cm/cmr7.pfb><c:/texlive/2012/texmf-dist/fonts/type1/public/a
msfonts/cm/cmr8.pfb><c:/texlive/2012/texmf-dist/fonts/type1/public/amsfonts/cm/
cmsy10.pfb><c:/texlive/2012/texmf-dist/fonts/type1/public/amsfonts/cm/cmsy6.pfb
><c:/texlive/2012/texmf-dist/fonts/type1/public/amsfonts/cm/cmsy7.pfb><c:/texli
ve/2012/texmf-dist/fonts/type1/public/amsfonts/cm/cmsy8.pfb><c:/texlive/2012/te
xmf-dist/fonts/type1/public/amsfonts/cm/cmti10.pfb><c:/texlive/2012/texmf-dist/
fonts/type1/public/amsfonts/cm/cmti8.pfb><c:/texlive/2012/texmf-dist/fonts/type
1/public/amsfonts/cm/cmtt10.pfb>
Output written on AIAA.pdf (18 pages, 4094410 bytes).
PDF statistics:
 197 PDF objects out of 1000 (max. 8388607)
 132 compressed objects within 2 object streams
 0 named destinations out of 1000 (max. 500000)
 91 words of extra memory for PDF output out of 10000 (max. 10000000)

