This is pdfTeX, Version 3.1415926-2.4-1.40.13 (TeX Live 2012/W32TeX) (format=pdflatex 2013.4.23)  3 JUN 2013 13:47
entering extended mode
 restricted \write18 enabled.
 %&-line parsing enabled.
**template.tex
(./template.tex
LaTeX2e <2011/06/27>
Babel <v3.8m> and hyphenation patterns for english, dumylang, nohyphenation, ge
rman-x-2012-05-30, ngerman-x-2012-05-30, afrikaans, ancientgreek, ibycus, arabi
c, armenian, basque, bulgarian, catalan, pinyin, coptic, croatian, czech, danis
h, dutch, ukenglish, usenglishmax, esperanto, estonian, ethiopic, farsi, finnis
h, french, friulan, galician, german, ngerman, swissgerman, monogreek, greek, h
ungarian, icelandic, assamese, bengali, gujarati, hindi, kannada, malayalam, ma
rathi, oriya, panjabi, tamil, telugu, indonesian, interlingua, irish, italian, 
kurmanji, latin, latvian, lithuanian, mongolian, mongolianlmc, bokmal, nynorsk,
 piedmontese, polish, portuguese, romanian, romansh, russian, sanskrit, serbian
, serbianc, slovak, slovenian, spanish, swedish, turkish, turkmen, ukrainian, u
ppersorbian, welsh, loaded.

If latex fails to find aiaa-tc, read the README file!
(c:/texlive/2012/texmf-dist/tex/latex/aiaa/aiaa-tc.cls
Document Class: aiaa-tc 2004/04/03 v3.5 AIAA technical conference paper
(c:/texlive/2012/texmf-dist/tex/latex/base/article.cls
Document Class: article 2007/10/19 v1.4h Standard LaTeX document class
(c:/texlive/2012/texmf-dist/tex/latex/base/size10.clo
File: size10.clo 2007/10/19 v1.4h Standard LaTeX file (size option)
)
\c@part=\count79
\c@section=\count80
\c@subsection=\count81
\c@subsubsection=\count82
\c@paragraph=\count83
\c@subparagraph=\count84
\c@figure=\count85
\c@table=\count86
\abovecaptionskip=\skip41
\belowcaptionskip=\skip42
\bibindent=\dimen102
)
(c:/texlive/2012/texmf-dist/tex/latex/geometry/geometry.sty
Package: geometry 2010/09/12 v5.6 Page Geometry

(c:/texlive/2012/texmf-dist/tex/latex/graphics/keyval.sty
Package: keyval 1999/03/16 v1.13 key=value parser (DPC)
\KV@toks@=\toks14
)
(c:/texlive/2012/texmf-dist/tex/generic/oberdiek/ifpdf.sty
Package: ifpdf 2011/01/30 v2.3 Provides the ifpdf switch (HO)
Package ifpdf Info: pdfTeX in PDF mode is detected.
)
(c:/texlive/2012/texmf-dist/tex/generic/oberdiek/ifvtex.sty
Package: ifvtex 2010/03/01 v1.5 Detect VTeX and its facilities (HO)
Package ifvtex Info: VTeX not detected.
)
(c:/texlive/2012/texmf-dist/tex/generic/ifxetex/ifxetex.sty
Package: ifxetex 2010/09/12 v0.6 Provides ifxetex conditional
)
\Gm@cnth=\count87
\Gm@cntv=\count88
\c@Gm@tempcnt=\count89
\Gm@bindingoffset=\dimen103
\Gm@wd@mp=\dimen104
\Gm@odd@mp=\dimen105
\Gm@even@mp=\dimen106
\Gm@layoutwidth=\dimen107
\Gm@layoutheight=\dimen108
\Gm@layouthoffset=\dimen109
\Gm@layoutvoffset=\dimen110
\Gm@dimlist=\toks15
)
(c:/texlive/2012/texmf-dist/tex/latex/graphics/graphicx.sty
Package: graphicx 1999/02/16 v1.0f Enhanced LaTeX Graphics (DPC,SPQR)

(c:/texlive/2012/texmf-dist/tex/latex/graphics/graphics.sty
Package: graphics 2009/02/05 v1.0o Standard LaTeX Graphics (DPC,SPQR)

(c:/texlive/2012/texmf-dist/tex/latex/graphics/trig.sty
Package: trig 1999/03/16 v1.09 sin cos tan (DPC)
)
(c:/texlive/2012/texmf-dist/tex/latex/latexconfig/graphics.cfg
File: graphics.cfg 2010/04/23 v1.9 graphics configuration of TeX Live
)
Package graphics Info: Driver file: pdftex.def on input line 91.

(c:/texlive/2012/texmf-dist/tex/latex/pdftex-def/pdftex.def
File: pdftex.def 2011/05/27 v0.06d Graphics/color for pdfTeX

(c:/texlive/2012/texmf-dist/tex/generic/oberdiek/infwarerr.sty
Package: infwarerr 2010/04/08 v1.3 Providing info/warning/error messages (HO)
)
(c:/texlive/2012/texmf-dist/tex/generic/oberdiek/ltxcmds.sty
Package: ltxcmds 2011/11/09 v1.22 LaTeX kernel commands for general use (HO)
)
\Gread@gobject=\count90
))
\Gin@req@height=\dimen111
\Gin@req@width=\dimen112
)
(c:/texlive/2012/texmf-dist/tex/latex/tools/array.sty
Package: array 2008/09/09 v2.4c Tabular extension package (FMi)
\col@sep=\dimen113
\extrarowheight=\dimen114
\NC@list=\toks16
\extratabsurround=\skip43
\backup@length=\skip44
)
(c:/texlive/2012/texmf-dist/tex/latex/cite/overcite.sty
Package: overcite 1999/04/23  v 3.8
)
(c:/texlive/2012/texmf-dist/tex/latex/lastpage/lastpage.sty
Package: lastpage 2013/01/28 v1.2l Refers to last page's name (HMM; JPG)
)
(c:/texlive/2012/texmf-dist/tex/latex/fancyhdr/fancyhdr.sty
\fancy@headwidth=\skip45
\f@ncyO@elh=\skip46
\f@ncyO@erh=\skip47
\f@ncyO@olh=\skip48
\f@ncyO@orh=\skip49
\f@ncyO@elf=\skip50
\f@ncyO@erf=\skip51
\f@ncyO@olf=\skip52
\f@ncyO@orf=\skip53
)
\c@aiaa@cthanks=\count91
\c@aiaa@cfootnote=\count92
) (./template.aux)
\openout1 = `template.aux'.

LaTeX Font Info:    Checking defaults for OML/cmm/m/it on input line 77.
LaTeX Font Info:    ... okay on input line 77.
LaTeX Font Info:    Checking defaults for T1/cmr/m/n on input line 77.
LaTeX Font Info:    ... okay on input line 77.
LaTeX Font Info:    Checking defaults for OT1/cmr/m/n on input line 77.
LaTeX Font Info:    ... okay on input line 77.
LaTeX Font Info:    Checking defaults for OMS/cmsy/m/n on input line 77.
LaTeX Font Info:    ... okay on input line 77.
LaTeX Font Info:    Checking defaults for OMX/cmex/m/n on input line 77.
LaTeX Font Info:    ... okay on input line 77.
LaTeX Font Info:    Checking defaults for U/cmr/m/n on input line 77.
LaTeX Font Info:    ... okay on input line 77.

*geometry* driver: auto-detecting
*geometry* detected driver: pdftex
*geometry* verbose mode - [ preamble ] result:
* driver: pdftex
* paper: <default>
* layout: <same size as paper>
* layoutoffset:(h,v)=(0.0pt,0.0pt)
* modes: 
* h-part:(L,W,R)=(72.26999pt, 469.75502pt, 72.26999pt)
* v-part:(T,H,B)=(54.2025pt, 668.4975pt, 72.26999pt)
* \paperwidth=614.295pt
* \paperheight=794.96999pt
* \textwidth=469.75502pt
* \textheight=668.4975pt
* \oddsidemargin=0.0pt
* \evensidemargin=0.0pt
* \topmargin=-55.06749pt
* \headheight=12.0pt
* \headsep=25.0pt
* \topskip=10.0pt
* \footskip=30.0pt
* \marginparwidth=65.0pt
* \marginparsep=11.0pt
* \columnsep=10.0pt
* \skip\footins=9.0pt plus 4.0pt minus 2.0pt
* \hoffset=0.0pt
* \voffset=0.0pt
* \mag=1000
* \@twocolumnfalse
* \@twosidefalse
* \@mparswitchfalse
* \@reversemarginfalse
* (1in=72.27pt=25.4mm, 1cm=28.453pt)

(c:/texlive/2012/texmf-dist/tex/context/base/supp-pdf.mkii
[Loading MPS to PDF converter (version 2006.09.02).]
\scratchcounter=\count93
\scratchdimen=\dimen115
\scratchbox=\box26
\nofMPsegments=\count94
\nofMParguments=\count95
\everyMPshowfont=\toks17
\MPscratchCnt=\count96
\MPscratchDim=\dimen116
\MPnumerator=\count97
\makeMPintoPDFobject=\count98
\everyMPtoPDFconversion=\toks18
) (c:/texlive/2012/texmf-dist/tex/generic/oberdiek/pdftexcmds.sty
Package: pdftexcmds 2011/11/29 v0.20 Utility functions of pdfTeX for LuaTeX (HO
)

(c:/texlive/2012/texmf-dist/tex/generic/oberdiek/ifluatex.sty
Package: ifluatex 2010/03/01 v1.3 Provides the ifluatex switch (HO)
Package ifluatex Info: LuaTeX not detected.
)
Package pdftexcmds Info: LuaTeX not detected.
Package pdftexcmds Info: \pdf@primitive is available.
Package pdftexcmds Info: \pdf@ifprimitive is available.
Package pdftexcmds Info: \pdfdraftmode found.
)
(c:/texlive/2012/texmf-dist/tex/latex/oberdiek/epstopdf-base.sty
Package: epstopdf-base 2010/02/09 v2.5 Base part for package epstopdf

(c:/texlive/2012/texmf-dist/tex/latex/oberdiek/grfext.sty
Package: grfext 2010/08/19 v1.1 Manage graphics extensions (HO)

(c:/texlive/2012/texmf-dist/tex/generic/oberdiek/kvdefinekeys.sty
Package: kvdefinekeys 2011/04/07 v1.3 Define keys (HO)
))
(c:/texlive/2012/texmf-dist/tex/latex/oberdiek/kvoptions.sty
Package: kvoptions 2011/06/30 v3.11 Key value format for package options (HO)

(c:/texlive/2012/texmf-dist/tex/generic/oberdiek/kvsetkeys.sty
Package: kvsetkeys 2012/04/25 v1.16 Key value parser (HO)

(c:/texlive/2012/texmf-dist/tex/generic/oberdiek/etexcmds.sty
Package: etexcmds 2011/02/16 v1.5 Avoid name clashes with e-TeX commands (HO)
Package etexcmds Info: Could not find \expanded.
(etexcmds)             That can mean that you are not using pdfTeX 1.50 or
(etexcmds)             that some package has redefined \expanded.
(etexcmds)             In the latter case, load this package earlier.
)))
Package grfext Info: Graphics extension search list:
(grfext)             [.png,.pdf,.jpg,.mps,.jpeg,.jbig2,.jb2,.PNG,.PDF,.JPG,.JPE
G,.JBIG2,.JB2,.eps]
(grfext)             \AppendGraphicsExtensions on input line 452.

(c:/texlive/2012/texmf-dist/tex/latex/latexconfig/epstopdf-sys.cfg
File: epstopdf-sys.cfg 2010/07/13 v1.3 Configuration of (r)epstopdf for TeX Liv
e
))
Package lastpage Info: Please have a look at the pageslts package at
(lastpage)             http://www.ctan.org/tex-archive/ 
(lastpage)             macros/latex/contrib/pageslts/ 
(lastpage)             or
(lastpage)             http://www.ctan.org/tex-archive/ 
(lastpage)             install/macros/latex/contrib/pageslts.tds.zip
(lastpage)             ! on input line 77.
LaTeX Font Info:    External font `cmex10' loaded for size
(Font)              <12> on input line 79.
LaTeX Font Info:    External font `cmex10' loaded for size
(Font)              <8> on input line 79.
LaTeX Font Info:    External font `cmex10' loaded for size
(Font)              <6> on input line 79.
LaTeX Font Info:    External font `cmex10' loaded for size
(Font)              <5> on input line 79.
LaTeX Font Info:    External font `cmex10' loaded for size
(Font)              <9> on input line 82.
LaTeX Font Info:    External font `cmex10' loaded for size
(Font)              <7> on input line 95.
 [1

{c:/texlive/2012/texmf-var/fonts/map/pdftex/updmap/pdftex.map}]

LaTeX Warning: Citation `stevens2003aircraft' on page 2 undefined on input line
 127.


! LaTeX Error: Environment align undefined.

See the LaTeX manual or LaTeX Companion for explanation.
Type  H <return>  for immediate help.
 ...                                              
                                                  
l.132 \begin{align}
                   
Your command was ignored.
Type  I <command> <return>  to replace it with another command,
or  <return>  to continue without it.

! Missing $ inserted.
<inserted text> 
                $
l.133 C_
        D &= C_{D_0} + K*(C_L(\alpha)-C_{L_{min}})
I've inserted a begin-math/end-math symbol since I think
you left one out. Proceed, with fingers crossed.

! Misplaced alignment tab character &.
l.133 C_D &
           = C_{D_0} + K*(C_L(\alpha)-C_{L_{min}})
I can't figure out why you would want to use a tab mark
here. If you just want an ampersand, the remedy is
simple: Just type `I\&' now. But if some right brace
up above has ended a previous alignment prematurely,
you're probably due for more error messages, and you
might try typing `S' now just to see what is salvageable.


! LaTeX Error: \begin{document} ended by \end{align}.

See the LaTeX manual or LaTeX Companion for explanation.
Type  H <return>  for immediate help.
 ...                                              
                                                  
l.134 \end{align}
                 
Your command was ignored.
Type  I <command> <return>  to replace it with another command,
or  <return>  to continue without it.

! Missing $ inserted.
<inserted text> 
                $
l.134 \end{align}
                 
I've inserted something that you may have forgotten.
(See the <inserted text> above.)
With luck, this will get me unwedged. But if you
really didn't forget anything, try typing `2' now; then
my insertion and my current dilemma will both disappear.


LaTeX Warning: Citation `osborne2007transitions' on page 2 undefined on input l
ine 136.


LaTeX Warning: Reference `dragPolarNoNoise' on page 2 undefined on input line 1
42.


LaTeX Warning: File `figures/dragPolarNoNoise.eps' not found on input line 147.


Package epstopdf Info: Source file: <figures/dragPolarNoNoise.eps>
(epstopdf)             Output file: <figures/dragPolarNoNoise-eps-converted-to.
pdf>
(epstopdf)             Command: <repstopdf --outfile=figures/dragPolarNoNoise-e
ps-converted-to.pdf figures/dragPolarNoNoise.eps>
(epstopdf)             \includegraphics on input line 147.
Package epstopdf Info: Output file is already uptodate.

! Package pdftex.def Error: File `figures/dragPolarNoNoise-eps-converted-to.pdf
' not found.

See the pdftex.def package documentation for explanation.
Type  H <return>  for immediate help.
 ...                                              
                                                  
l.147 ...\textwidth]{figures/dragPolarNoNoise.eps}
                                                  
Using draft setting for this image.
Try typing  <return>  to proceed.
If that doesn't work, type  X <return>  to quit.


LaTeX Warning: `!h' float specifier changed to `!ht'.


LaTeX Warning: Reference `dragPolarNoNoise' on page 2 undefined on input line 1
50.


LaTeX Warning: Reference `hardware' on page 2 undefined on input line 150.

<figure_magnet.pdf, id=17, 416.55624pt x 315.1775pt>
File: figure_magnet.pdf Graphic file (type pdf)
 <use figure_magnet.pdf>
Package pdftex.def Info: figure_magnet.pdf used on input line 160.
(pdftex.def)             Requested size: 469.78143pt x 355.44908pt.

[2] [3] 
AED: lastpage setting LastPage
[4 <./figure_magnet.pdf>] (./template.aux)

LaTeX Warning: There were undefined references.


LaTeX Warning: Label(s) may have changed. Rerun to get cross-references right.

 ) 
Here is how much of TeX's memory you used:
 2317 strings out of 493481
 32441 string characters out of 3144419
 102547 words of memory out of 3000000
 5592 multiletter control sequences out of 15000+200000
 10614 words of font info for 37 fonts, out of 3000000 for 9000
 957 hyphenation exceptions out of 8191
 38i,11n,45p,958b,288s stack positions out of 5000i,500n,10000p,200000b,50000s
<c:/texlive/2012/texmf-dist/fonts/type1/public/amsfonts/cm/cmbx10.pfb><c:/tex
live/2012/texmf-dist/fonts/type1/public/amsfonts/cm/cmbx12.pfb><c:/texlive/2012
/texmf-dist/fonts/type1/public/amsfonts/cm/cmbx6.pfb><c:/texlive/2012/texmf-dis
t/fonts/type1/public/amsfonts/cm/cmbx7.pfb><c:/texlive/2012/texmf-dist/fonts/ty
pe1/public/amsfonts/cm/cmbx8.pfb><c:/texlive/2012/texmf-dist/fonts/type1/public
/amsfonts/cm/cmbx9.pfb><c:/texlive/2012/texmf-dist/fonts/type1/public/amsfonts/
cm/cmmi10.pfb><c:/texlive/2012/texmf-dist/fonts/type1/public/amsfonts/cm/cmmi5.
pfb><c:/texlive/2012/texmf-dist/fonts/type1/public/amsfonts/cm/cmmi7.pfb><c:/te
xlive/2012/texmf-dist/fonts/type1/public/amsfonts/cm/cmr10.pfb><c:/texlive/2012
/texmf-dist/fonts/type1/public/amsfonts/cm/cmr12.pfb><c:/texlive/2012/texmf-dis
t/fonts/type1/public/amsfonts/cm/cmr5.pfb><c:/texlive/2012/texmf-dist/fonts/typ
e1/public/amsfonts/cm/cmr6.pfb><c:/texlive/2012/texmf-dist/fonts/type1/public/a
msfonts/cm/cmr7.pfb><c:/texlive/2012/texmf-dist/fonts/type1/public/amsfonts/cm/
cmr8.pfb><c:/texlive/2012/texmf-dist/fonts/type1/public/amsfonts/cm/cmsy10.pfb>
<c:/texlive/2012/texmf-dist/fonts/type1/public/amsfonts/cm/cmsy6.pfb><c:/texliv
e/2012/texmf-dist/fonts/type1/public/amsfonts/cm/cmsy8.pfb><c:/texlive/2012/tex
mf-dist/fonts/type1/public/amsfonts/cm/cmti10.pfb><c:/texlive/2012/texmf-dist/f
onts/type1/public/amsfonts/cm/cmti8.pfb><c:/texlive/2012/texmf-dist/fonts/type1
/public/amsfonts/cm/cmtt10.pfb>
Output written on template.pdf (4 pages, 237130 bytes).
PDF statistics:
 105 PDF objects out of 1000 (max. 8388607)
 75 compressed objects within 1 object stream
 0 named destinations out of 1000 (max. 500000)
 6 words of extra memory for PDF output out of 10000 (max. 10000000)

