\BOOKMARK [0][]{abs.0}{Abstract}{}% 1
\BOOKMARK [0][]{figure.caption.1}{TABLE OF CONTENTS}{}% 2
\BOOKMARK [0][]{chapter*.3}{LIST OF TABLES}{}% 3
\BOOKMARK [0][]{chapter*.4}{LIST OF FIGURES}{}% 4
\BOOKMARK [0][]{chapter.1}{1 Introduction}{}% 5
\BOOKMARK [0][]{chapter.2}{2 Method}{}% 6
\BOOKMARK [1][]{section.2.1}{2.1 Reference Frames}{chapter.2}% 7
\BOOKMARK [1][]{section.2.2}{2.2 Equations of Motion}{chapter.2}% 8
\BOOKMARK [1][]{section.2.3}{2.3 Kalman Filter Usage}{chapter.2}% 9
\BOOKMARK [0][]{chapter.3}{3 Drag Meta-Modeling}{}% 10
\BOOKMARK [1][]{section.3.1}{3.1 Regression Model - Least Squares Fit}{chapter.3}% 11
\BOOKMARK [1][]{section.3.2}{3.2 Regression Model - Kalman Filter}{chapter.3}% 12
\BOOKMARK [0][]{chapter.4}{4 Error Analysis}{}% 13
\BOOKMARK [0][]{chapter.5}{5 Simulation}{}% 14
\BOOKMARK [1][]{section.5.1}{5.1 Simulation Environment}{chapter.5}% 15
\BOOKMARK [1][]{section.5.2}{5.2 Simulation Inputs}{chapter.5}% 16
\BOOKMARK [1][]{section.5.3}{5.3 Simulation Results}{chapter.5}% 17
\BOOKMARK [0][]{chapter.6}{6 Hardware}{}% 18
\BOOKMARK [1][]{section.6.1}{6.1 Flight Computer}{chapter.6}% 19
\BOOKMARK [1][]{section.6.2}{6.2 Accelerometer}{chapter.6}% 20
\BOOKMARK [1][]{section.6.3}{6.3 Vehicle Mass}{chapter.6}% 21
\BOOKMARK [1][]{section.6.4}{6.4 Magnetometers}{chapter.6}% 22
\BOOKMARK [1][]{section.6.5}{6.5 Gyroscope}{chapter.6}% 23
\BOOKMARK [1][]{section.6.6}{6.6 Air Data System}{chapter.6}% 24
\BOOKMARK [1][]{section.6.7}{6.7 GPS Receiver}{chapter.6}% 25
\BOOKMARK [1][]{section.6.8}{6.8 Data Acquisition System Integration}{chapter.6}% 26
\BOOKMARK [0][]{chapter.7}{7 Flight Test}{}% 27
\BOOKMARK [1][]{section.7.1}{7.1 CD0 Validation}{chapter.7}% 28
\BOOKMARK [1][]{section.7.2}{7.2 K1 Validation}{chapter.7}% 29
\BOOKMARK [1][]{section.7.3}{7.3 K2 Validation}{chapter.7}% 30
\BOOKMARK [1][]{section.7.4}{7.4 Results and Future Work}{chapter.7}% 31
\BOOKMARK [0][]{chapter.8}{8 Summary}{}% 32
\BOOKMARK [0][]{APPENDIX.1.A}{A System Usage}{}% 33
\BOOKMARK [1][]{section.1.A.1}{A.1 Integration}{APPENDIX.1.A}% 34
\BOOKMARK [1][]{section.1.A.2}{A.2 Pre-flight Procedure}{APPENDIX.1.A}% 35
\BOOKMARK [1][]{section.1.A.3}{A.3 Flight test plan}{APPENDIX.1.A}% 36
\BOOKMARK [1][]{section.1.A.4}{A.4 Post-flight}{APPENDIX.1.A}% 37
\BOOKMARK [1][]{section.1.A.5}{A.5 Software protocol}{APPENDIX.1.A}% 38
\BOOKMARK [0][]{APPENDIX.1.B}{B Flight Test Procedure}{}% 39
\BOOKMARK [1][]{section.1.B.1}{B.1 Pre-Flight Preparation}{APPENDIX.1.B}% 40
\BOOKMARK [2][-]{subsection.1.B.1.1}{B.1.1 Day Before Test}{section.1.B.1}% 41
\BOOKMARK [2][-]{subsection.1.B.1.2}{B.1.2 Day Of Test}{section.1.B.1}% 42
\BOOKMARK [1][]{section.1.B.2}{B.2 Flying Field Procedure}{APPENDIX.1.B}% 43
\BOOKMARK [1][]{section.1.B.3}{B.3 Post-Flight}{APPENDIX.1.B}% 44
\BOOKMARK [0][]{APPENDIX.1.C}{C CD0 Flight Test Card}{}% 45
\BOOKMARK [0][]{APPENDIX.1.D}{D K2 Flight Test Card}{}% 46
\BOOKMARK [0][]{APPENDIX.1.E}{E Sample System Ouput}{}% 47
\BOOKMARK [1][]{section.1.E.1}{E.1 Sample System Ouput - Raw Data}{APPENDIX.1.E}% 48
\BOOKMARK [1][]{section.1.E.2}{E.2 Sample System Ouput - Units Data}{APPENDIX.1.E}% 49
\BOOKMARK [1][]{section.1.E.3}{E.3 Sample System Ouput - State Data}{APPENDIX.1.E}% 50
\BOOKMARK [1][]{section.1.E.4}{E.4 Sample System Ouput - Filtered Data}{APPENDIX.1.E}% 51
\BOOKMARK [0][]{APPENDIX.1.F}{F Wiring Schematics}{}% 52
\BOOKMARK [0][]{APPENDIX.1.G}{G Source Code}{}% 53
\BOOKMARK [1][]{section.1.G.1}{G.1 Arduino Due Flight Data Recording}{APPENDIX.1.G}% 54
\BOOKMARK [1][]{section.1.G.2}{G.2 Future Work}{APPENDIX.1.G}% 55
